  [1m[36m (1.7ms)[0m  [1mCREATE TABLE "schema_migrations" ("version" varchar NOT NULL) [0m
  [1m[35m (0.1ms)[0m  select sqlite_version(*)
  [1m[36m (1.6ms)[0m  [1mCREATE UNIQUE INDEX "unique_schema_migrations" ON "schema_migrations" ("version")[0m
  [1m[35mActiveRecord::SchemaMigration Load (0.1ms)[0m  SELECT "schema_migrations".* FROM "schema_migrations"


Started GET "/" for ::1 at 2015-11-17 17:47:54 -0600
Processing by Rails::WelcomeController#index as HTML
  Rendered /Users/admin/.rvm/gems/ruby-2.1.2/gems/railties-4.2.3/lib/rails/templates/rails/welcome/index.html.erb (2.8ms)
Completed 200 OK in 27ms (Views: 19.4ms | ActiveRecord: 0.0ms)
  [1m[36mActiveRecord::SchemaMigration Load (0.1ms)[0m  [1mSELECT "schema_migrations".* FROM "schema_migrations"[0m
Migrating to CreateStudents (1)
  [1m[35m (0.1ms)[0m  begin transaction
  [1m[36m (0.4ms)[0m  [1mCREATE TABLE "students" ("id" INTEGER PRIMARY KEY AUTOINCREMENT NOT NULL, "first_name" varchar, "last_name" varchar, "created_at" datetime NOT NULL, "updated_at" datetime NOT NULL) [0m
  [1m[35mSQL (0.3ms)[0m  INSERT INTO "schema_migrations" ("version") VALUES (?)  [["version", "1"]]
  [1m[36m (1.4ms)[0m  [1mcommit transaction[0m
  [1m[35mActiveRecord::SchemaMigration Load (0.1ms)[0m  SELECT "schema_migrations".* FROM "schema_migrations"
  [1m[36m (0.1ms)[0m  [1mbegin transaction[0m
  [1m[35mSQL (0.3ms)[0m  INSERT INTO "students" ("first_name", "last_name", "created_at", "updated_at") VALUES (?, ?, ?, ?)  [["first_name", "Jordan"], ["last_name", "Hudgens"], ["created_at", "2015-11-18 00:10:55.545365"], ["updated_at", "2015-11-18 00:10:55.545365"]]
  [1m[36m (2.9ms)[0m  [1mcommit transaction[0m
  [1m[35mStudent Load (0.2ms)[0m  SELECT  "students".* FROM "students"  ORDER BY "students"."id" DESC LIMIT 1
  [1m[36m (0.1ms)[0m  [1mbegin transaction[0m
  [1m[35mSQL (0.3ms)[0m  INSERT INTO "students" ("created_at", "updated_at") VALUES (?, ?)  [["created_at", "2015-11-18 00:17:49.095449"], ["updated_at", "2015-11-18 00:17:49.095449"]]
  [1m[36m (1.2ms)[0m  [1mcommit transaction[0m
  [1m[35mStudent Load (0.2ms)[0m  SELECT  "students".* FROM "students"  ORDER BY "students"."id" DESC LIMIT 1
  [1m[36mActiveRecord::SchemaMigration Load (0.1ms)[0m  [1mSELECT "schema_migrations".* FROM "schema_migrations"[0m
  [1m[35mActiveRecord::SchemaMigration Load (0.1ms)[0m  SELECT "schema_migrations".* FROM "schema_migrations"


Started GET "/" for ::1 at 2015-11-18 13:36:42 -0600
  [1m[36mActiveRecord::SchemaMigration Load (0.1ms)[0m  [1mSELECT "schema_migrations".* FROM "schema_migrations"[0m
Processing by Rails::WelcomeController#index as HTML
  Rendered /Users/admin/.rvm/gems/ruby-2.1.2/gems/railties-4.2.3/lib/rails/templates/rails/welcome/index.html.erb (2.4ms)
Completed 200 OK in 39ms (Views: 24.5ms | ActiveRecord: 0.0ms)


Started GET "/" for ::1 at 2015-11-18 13:37:10 -0600
Processing by Rails::WelcomeController#index as HTML
  Rendered /Users/admin/.rvm/gems/ruby-2.1.2/gems/railties-4.2.3/lib/rails/templates/rails/welcome/index.html.erb (0.0ms)
Completed 200 OK in 1ms (Views: 0.7ms | ActiveRecord: 0.0ms)
  [1m[36mActiveRecord::SchemaMigration Load (0.5ms)[0m  [1mSELECT "schema_migrations".* FROM "schema_migrations"[0m
  [1m[35mActiveRecord::SchemaMigration Load (0.1ms)[0m  SELECT "schema_migrations".* FROM "schema_migrations"
  [1m[36mActiveRecord::SchemaMigration Load (0.1ms)[0m  [1mSELECT "schema_migrations".* FROM "schema_migrations"[0m


Started GET "/" for ::1 at 2017-10-14 13:49:40 -0400
  [1m[36mActiveRecord::SchemaMigration Load (0.5ms)[0m  [1mSELECT "schema_migrations".* FROM "schema_migrations"[0m
Processing by Rails::WelcomeController#index as HTML
  Rendered /Users/flatironschool/.rvm/gems/ruby-2.3.5/gems/railties-4.2.3/lib/rails/templates/rails/welcome/index.html.erb (2.9ms)
Completed 200 OK in 25ms (Views: 13.3ms | ActiveRecord: 0.0ms)


Started GET "/students" for ::1 at 2017-10-14 13:49:46 -0400

ActionController::RoutingError (No route matches [GET] "/students"):
  actionpack (4.2.3) lib/action_dispatch/middleware/debug_exceptions.rb:21:in `call'
  web-console (2.2.1) lib/web_console/middleware.rb:39:in `call'
  actionpack (4.2.3) lib/action_dispatch/middleware/show_exceptions.rb:30:in `call'
  railties (4.2.3) lib/rails/rack/logger.rb:38:in `call_app'
  railties (4.2.3) lib/rails/rack/logger.rb:20:in `block in call'
  activesupport (4.2.3) lib/active_support/tagged_logging.rb:68:in `block in tagged'
  activesupport (4.2.3) lib/active_support/tagged_logging.rb:26:in `tagged'
  activesupport (4.2.3) lib/active_support/tagged_logging.rb:68:in `tagged'
  railties (4.2.3) lib/rails/rack/logger.rb:20:in `call'
  actionpack (4.2.3) lib/action_dispatch/middleware/request_id.rb:21:in `call'
  rack (1.6.4) lib/rack/methodoverride.rb:22:in `call'
  rack (1.6.4) lib/rack/runtime.rb:18:in `call'
  activesupport (4.2.3) lib/active_support/cache/strategy/local_cache_middleware.rb:28:in `call'
  rack (1.6.4) lib/rack/lock.rb:17:in `call'
  actionpack (4.2.3) lib/action_dispatch/middleware/static.rb:116:in `call'
  rack (1.6.4) lib/rack/sendfile.rb:113:in `call'
  railties (4.2.3) lib/rails/engine.rb:518:in `call'
  railties (4.2.3) lib/rails/application.rb:165:in `call'
  rack (1.6.4) lib/rack/lock.rb:17:in `call'
  rack (1.6.4) lib/rack/content_length.rb:15:in `call'
  rack (1.6.4) lib/rack/handler/webrick.rb:88:in `service'
  /Users/flatironschool/.rvm/rubies/ruby-2.3.5/lib/ruby/2.3.0/webrick/httpserver.rb:140:in `service'
  /Users/flatironschool/.rvm/rubies/ruby-2.3.5/lib/ruby/2.3.0/webrick/httpserver.rb:96:in `run'
  /Users/flatironschool/.rvm/rubies/ruby-2.3.5/lib/ruby/2.3.0/webrick/server.rb:296:in `block in start_thread'


  Rendered /Users/flatironschool/.rvm/gems/ruby-2.3.5/gems/actionpack-4.2.3/lib/action_dispatch/middleware/templates/rescues/_trace.html.erb (1.7ms)
  Rendered /Users/flatironschool/.rvm/gems/ruby-2.3.5/gems/actionpack-4.2.3/lib/action_dispatch/middleware/templates/routes/_route.html.erb (1.0ms)
  Rendered /Users/flatironschool/.rvm/gems/ruby-2.3.5/gems/actionpack-4.2.3/lib/action_dispatch/middleware/templates/routes/_table.html.erb (19.6ms)
  Rendered /Users/flatironschool/.rvm/gems/ruby-2.3.5/gems/actionpack-4.2.3/lib/action_dispatch/middleware/templates/rescues/_request_and_response.html.erb (1.7ms)
  Rendered /Users/flatironschool/.rvm/gems/ruby-2.3.5/gems/actionpack-4.2.3/lib/action_dispatch/middleware/templates/rescues/routing_error.html.erb within rescues/layout (114.8ms)
  Rendered /Users/flatironschool/.rvm/gems/ruby-2.3.5/gems/web-console-2.2.1/lib/web_console/templates/_markup.html.erb (0.8ms)
  Rendered /Users/flatironschool/.rvm/gems/ruby-2.3.5/gems/web-console-2.2.1/lib/web_console/templates/_inner_console_markup.html.erb within layouts/inlined_string (0.5ms)
  Rendered /Users/flatironschool/.rvm/gems/ruby-2.3.5/gems/web-console-2.2.1/lib/web_console/templates/_prompt_box_markup.html.erb within layouts/inlined_string (0.6ms)
  Rendered /Users/flatironschool/.rvm/gems/ruby-2.3.5/gems/web-console-2.2.1/lib/web_console/templates/style.css.erb within layouts/inlined_string (0.5ms)
  Rendered /Users/flatironschool/.rvm/gems/ruby-2.3.5/gems/web-console-2.2.1/lib/web_console/templates/console.js.erb within layouts/javascript (69.8ms)
  Rendered /Users/flatironschool/.rvm/gems/ruby-2.3.5/gems/web-console-2.2.1/lib/web_console/templates/main.js.erb within layouts/javascript (0.6ms)
  Rendered /Users/flatironschool/.rvm/gems/ruby-2.3.5/gems/web-console-2.2.1/lib/web_console/templates/error_page.js.erb within layouts/javascript (0.6ms)
  Rendered /Users/flatironschool/.rvm/gems/ruby-2.3.5/gems/web-console-2.2.1/lib/web_console/templates/index.html.erb (152.9ms)


Started GET "/students/index" for ::1 at 2017-10-14 13:49:52 -0400
Processing by StudentsController#index as HTML
Completed 500 Internal Server Error in 3ms (ActiveRecord: 0.0ms)

NameError (uninitialized constant StudentsController::Students):
  app/controllers/students_controller.rb:3:in `index'


  Rendered /Users/flatironschool/.rvm/gems/ruby-2.3.5/gems/actionpack-4.2.3/lib/action_dispatch/middleware/templates/rescues/_source.erb (6.5ms)
  Rendered /Users/flatironschool/.rvm/gems/ruby-2.3.5/gems/actionpack-4.2.3/lib/action_dispatch/middleware/templates/rescues/_trace.html.erb (2.2ms)
  Rendered /Users/flatironschool/.rvm/gems/ruby-2.3.5/gems/actionpack-4.2.3/lib/action_dispatch/middleware/templates/rescues/_request_and_response.html.erb (1.2ms)
  Rendered /Users/flatironschool/.rvm/gems/ruby-2.3.5/gems/actionpack-4.2.3/lib/action_dispatch/middleware/templates/rescues/diagnostics.html.erb within rescues/layout (65.6ms)
  Rendered /Users/flatironschool/.rvm/gems/ruby-2.3.5/gems/web-console-2.2.1/lib/web_console/templates/_markup.html.erb (0.4ms)
  Rendered /Users/flatironschool/.rvm/gems/ruby-2.3.5/gems/web-console-2.2.1/lib/web_console/templates/_inner_console_markup.html.erb within layouts/inlined_string (0.4ms)
  Rendered /Users/flatironschool/.rvm/gems/ruby-2.3.5/gems/web-console-2.2.1/lib/web_console/templates/_prompt_box_markup.html.erb within layouts/inlined_string (0.4ms)
  Rendered /Users/flatironschool/.rvm/gems/ruby-2.3.5/gems/web-console-2.2.1/lib/web_console/templates/style.css.erb within layouts/inlined_string (0.5ms)
  Rendered /Users/flatironschool/.rvm/gems/ruby-2.3.5/gems/web-console-2.2.1/lib/web_console/templates/console.js.erb within layouts/javascript (59.8ms)
  Rendered /Users/flatironschool/.rvm/gems/ruby-2.3.5/gems/web-console-2.2.1/lib/web_console/templates/main.js.erb within layouts/javascript (0.4ms)
  Rendered /Users/flatironschool/.rvm/gems/ruby-2.3.5/gems/web-console-2.2.1/lib/web_console/templates/error_page.js.erb within layouts/javascript (0.5ms)
  Rendered /Users/flatironschool/.rvm/gems/ruby-2.3.5/gems/web-console-2.2.1/lib/web_console/templates/index.html.erb (126.4ms)


Started GET "/students/index" for ::1 at 2017-10-14 13:50:02 -0400
Processing by StudentsController#index as HTML
  Rendered students/index.html.erb within layouts/application (0.5ms)
Completed 200 OK in 1812ms (Views: 1809.0ms | ActiveRecord: 0.0ms)


Started GET "/assets/students.self-e3b0c44298fc1c149afbf4c8996fb92427ae41e4649b934ca495991b7852b855.css?body=1" for ::1 at 2017-10-14 13:50:04 -0400


Started GET "/assets/students.self-877aef30ae1b040ab8a3aba4e3e309a11d7f2612f44dde450b5c157aa5f95c05.js?body=1" for ::1 at 2017-10-14 13:50:04 -0400


Started GET "/students/" for ::1 at 2017-10-14 13:53:19 -0400

ArgumentError (Missing :controller key on routes definition, please check your routes.):
  config/routes.rb:2:in `block in <top (required)>'
  config/routes.rb:1:in `<top (required)>'


  Rendered /Users/flatironschool/.rvm/gems/ruby-2.3.5/gems/actionpack-4.2.3/lib/action_dispatch/middleware/templates/rescues/_source.erb (7.7ms)
  Rendered /Users/flatironschool/.rvm/gems/ruby-2.3.5/gems/actionpack-4.2.3/lib/action_dispatch/middleware/templates/rescues/_trace.html.erb (4.0ms)
  Rendered /Users/flatironschool/.rvm/gems/ruby-2.3.5/gems/actionpack-4.2.3/lib/action_dispatch/middleware/templates/rescues/_request_and_response.html.erb (2.1ms)
  Rendered /Users/flatironschool/.rvm/gems/ruby-2.3.5/gems/actionpack-4.2.3/lib/action_dispatch/middleware/templates/rescues/diagnostics.html.erb within rescues/layout (82.0ms)
  Rendered /Users/flatironschool/.rvm/gems/ruby-2.3.5/gems/web-console-2.2.1/lib/web_console/templates/_markup.html.erb (0.8ms)
  Rendered /Users/flatironschool/.rvm/gems/ruby-2.3.5/gems/web-console-2.2.1/lib/web_console/templates/_inner_console_markup.html.erb within layouts/inlined_string (0.4ms)
  Rendered /Users/flatironschool/.rvm/gems/ruby-2.3.5/gems/web-console-2.2.1/lib/web_console/templates/_prompt_box_markup.html.erb within layouts/inlined_string (0.6ms)
  Rendered /Users/flatironschool/.rvm/gems/ruby-2.3.5/gems/web-console-2.2.1/lib/web_console/templates/style.css.erb within layouts/inlined_string (0.9ms)
  Rendered /Users/flatironschool/.rvm/gems/ruby-2.3.5/gems/web-console-2.2.1/lib/web_console/templates/console.js.erb within layouts/javascript (61.1ms)
  Rendered /Users/flatironschool/.rvm/gems/ruby-2.3.5/gems/web-console-2.2.1/lib/web_console/templates/main.js.erb within layouts/javascript (0.7ms)
  Rendered /Users/flatironschool/.rvm/gems/ruby-2.3.5/gems/web-console-2.2.1/lib/web_console/templates/error_page.js.erb within layouts/javascript (0.9ms)
  Rendered /Users/flatironschool/.rvm/gems/ruby-2.3.5/gems/web-console-2.2.1/lib/web_console/templates/index.html.erb (130.4ms)


Started GET "/students" for ::1 at 2017-10-14 13:53:23 -0400

ActionController::RoutingError (No route matches [GET] "/students"):
  actionpack (4.2.3) lib/action_dispatch/middleware/debug_exceptions.rb:21:in `call'
  web-console (2.2.1) lib/web_console/middleware.rb:39:in `call'
  actionpack (4.2.3) lib/action_dispatch/middleware/show_exceptions.rb:30:in `call'
  railties (4.2.3) lib/rails/rack/logger.rb:38:in `call_app'
  railties (4.2.3) lib/rails/rack/logger.rb:20:in `block in call'
  activesupport (4.2.3) lib/active_support/tagged_logging.rb:68:in `block in tagged'
  activesupport (4.2.3) lib/active_support/tagged_logging.rb:26:in `tagged'
  activesupport (4.2.3) lib/active_support/tagged_logging.rb:68:in `tagged'
  railties (4.2.3) lib/rails/rack/logger.rb:20:in `call'
  actionpack (4.2.3) lib/action_dispatch/middleware/request_id.rb:21:in `call'
  rack (1.6.4) lib/rack/methodoverride.rb:22:in `call'
  rack (1.6.4) lib/rack/runtime.rb:18:in `call'
  activesupport (4.2.3) lib/active_support/cache/strategy/local_cache_middleware.rb:28:in `call'
  rack (1.6.4) lib/rack/lock.rb:17:in `call'
  actionpack (4.2.3) lib/action_dispatch/middleware/static.rb:116:in `call'
  rack (1.6.4) lib/rack/sendfile.rb:113:in `call'
  railties (4.2.3) lib/rails/engine.rb:518:in `call'
  railties (4.2.3) lib/rails/application.rb:165:in `call'
  rack (1.6.4) lib/rack/lock.rb:17:in `call'
  rack (1.6.4) lib/rack/content_length.rb:15:in `call'
  rack (1.6.4) lib/rack/handler/webrick.rb:88:in `service'
  /Users/flatironschool/.rvm/rubies/ruby-2.3.5/lib/ruby/2.3.0/webrick/httpserver.rb:140:in `service'
  /Users/flatironschool/.rvm/rubies/ruby-2.3.5/lib/ruby/2.3.0/webrick/httpserver.rb:96:in `run'
  /Users/flatironschool/.rvm/rubies/ruby-2.3.5/lib/ruby/2.3.0/webrick/server.rb:296:in `block in start_thread'


  Rendered /Users/flatironschool/.rvm/gems/ruby-2.3.5/gems/actionpack-4.2.3/lib/action_dispatch/middleware/templates/rescues/_trace.html.erb (2.0ms)
  Rendered /Users/flatironschool/.rvm/gems/ruby-2.3.5/gems/actionpack-4.2.3/lib/action_dispatch/middleware/templates/routes/_table.html.erb (3.2ms)
  Rendered /Users/flatironschool/.rvm/gems/ruby-2.3.5/gems/actionpack-4.2.3/lib/action_dispatch/middleware/templates/rescues/_request_and_response.html.erb (4.1ms)
  Rendered /Users/flatironschool/.rvm/gems/ruby-2.3.5/gems/actionpack-4.2.3/lib/action_dispatch/middleware/templates/rescues/routing_error.html.erb within rescues/layout (79.2ms)
  Rendered /Users/flatironschool/.rvm/gems/ruby-2.3.5/gems/web-console-2.2.1/lib/web_console/templates/_markup.html.erb (0.6ms)
  Rendered /Users/flatironschool/.rvm/gems/ruby-2.3.5/gems/web-console-2.2.1/lib/web_console/templates/_inner_console_markup.html.erb within layouts/inlined_string (0.7ms)
  Rendered /Users/flatironschool/.rvm/gems/ruby-2.3.5/gems/web-console-2.2.1/lib/web_console/templates/_prompt_box_markup.html.erb within layouts/inlined_string (0.7ms)
  Rendered /Users/flatironschool/.rvm/gems/ruby-2.3.5/gems/web-console-2.2.1/lib/web_console/templates/style.css.erb within layouts/inlined_string (0.5ms)
  Rendered /Users/flatironschool/.rvm/gems/ruby-2.3.5/gems/web-console-2.2.1/lib/web_console/templates/console.js.erb within layouts/javascript (60.1ms)
  Rendered /Users/flatironschool/.rvm/gems/ruby-2.3.5/gems/web-console-2.2.1/lib/web_console/templates/main.js.erb within layouts/javascript (0.5ms)
  Rendered /Users/flatironschool/.rvm/gems/ruby-2.3.5/gems/web-console-2.2.1/lib/web_console/templates/error_page.js.erb within layouts/javascript (1.0ms)
  Rendered /Users/flatironschool/.rvm/gems/ruby-2.3.5/gems/web-console-2.2.1/lib/web_console/templates/index.html.erb (126.5ms)


Started GET "/students" for ::1 at 2017-10-14 14:03:32 -0400
  [1m[36mActiveRecord::SchemaMigration Load (0.5ms)[0m  [1mSELECT "schema_migrations".* FROM "schema_migrations"[0m
Processing by StudentsController#index as HTML
  [1m[35mStudent Load (0.5ms)[0m  SELECT "students".* FROM "students"
  Rendered students/index.html.erb within layouts/application (15.8ms)
Completed 500 Internal Server Error in 39ms (ActiveRecord: 0.9ms)

ActionView::Template::Error (undefined method `+' for nil:NilClass):
    1: <h1>Students#index</h1>
    2: <%= @students.each do |student| %>
    3:   <%=student.to_s%><br>
    4: <%end%>
    5: <p>Find me in app/views/students/index.html.erb</p>
  app/models/student.rb:3:in `to_s'
  app/views/students/index.html.erb:3:in `block in _app_views_students_index_html_erb__230942505359083812_70339498949420'
  app/views/students/index.html.erb:2:in `_app_views_students_index_html_erb__230942505359083812_70339498949420'


  Rendered /Users/flatironschool/.rvm/gems/ruby-2.3.5/gems/actionpack-4.2.3/lib/action_dispatch/middleware/templates/rescues/_source.erb (8.0ms)
  Rendered /Users/flatironschool/.rvm/gems/ruby-2.3.5/gems/actionpack-4.2.3/lib/action_dispatch/middleware/templates/rescues/_trace.html.erb (3.2ms)
  Rendered /Users/flatironschool/.rvm/gems/ruby-2.3.5/gems/actionpack-4.2.3/lib/action_dispatch/middleware/templates/rescues/_request_and_response.html.erb (1.5ms)
  Rendered /Users/flatironschool/.rvm/gems/ruby-2.3.5/gems/actionpack-4.2.3/lib/action_dispatch/middleware/templates/rescues/template_error.html.erb within rescues/layout (89.6ms)
  Rendered /Users/flatironschool/.rvm/gems/ruby-2.3.5/gems/web-console-2.2.1/lib/web_console/templates/_markup.html.erb (0.4ms)
  Rendered /Users/flatironschool/.rvm/gems/ruby-2.3.5/gems/web-console-2.2.1/lib/web_console/templates/_inner_console_markup.html.erb within layouts/inlined_string (0.7ms)
  Rendered /Users/flatironschool/.rvm/gems/ruby-2.3.5/gems/web-console-2.2.1/lib/web_console/templates/_prompt_box_markup.html.erb within layouts/inlined_string (0.4ms)
  Rendered /Users/flatironschool/.rvm/gems/ruby-2.3.5/gems/web-console-2.2.1/lib/web_console/templates/style.css.erb within layouts/inlined_string (0.7ms)
  Rendered /Users/flatironschool/.rvm/gems/ruby-2.3.5/gems/web-console-2.2.1/lib/web_console/templates/console.js.erb within layouts/javascript (84.4ms)
  Rendered /Users/flatironschool/.rvm/gems/ruby-2.3.5/gems/web-console-2.2.1/lib/web_console/templates/main.js.erb within layouts/javascript (0.3ms)
  Rendered /Users/flatironschool/.rvm/gems/ruby-2.3.5/gems/web-console-2.2.1/lib/web_console/templates/error_page.js.erb within layouts/javascript (0.6ms)
  Rendered /Users/flatironschool/.rvm/gems/ruby-2.3.5/gems/web-console-2.2.1/lib/web_console/templates/index.html.erb (173.5ms)


Started GET "/students" for ::1 at 2017-10-14 14:07:24 -0400
  [1m[36mActiveRecord::SchemaMigration Load (0.5ms)[0m  [1mSELECT "schema_migrations".* FROM "schema_migrations"[0m
Processing by StudentsController#index as HTML
  [1m[35mStudent Load (0.6ms)[0m  SELECT "students".* FROM "students"
  Rendered students/index.html.erb within layouts/application (17.0ms)
Completed 500 Internal Server Error in 45ms (ActiveRecord: 1.2ms)

ActionView::Template::Error (undefined method `+' for nil:NilClass):
    1: <h1>Students#index</h1>
    2: <% @students.each do |student| %>
    3:   <%=student.to_s%><br>
    4: <%end%>
    5: <p>Find me in app/views/students/index.html.erb</p>
  app/models/student.rb:3:in `to_s'
  app/views/students/index.html.erb:3:in `block in _app_views_students_index_html_erb___1103066139131981993_70319513847360'
  app/views/students/index.html.erb:2:in `_app_views_students_index_html_erb___1103066139131981993_70319513847360'


  Rendered /Users/flatironschool/.rvm/gems/ruby-2.3.5/gems/actionpack-4.2.3/lib/action_dispatch/middleware/templates/rescues/_source.erb (10.7ms)
  Rendered /Users/flatironschool/.rvm/gems/ruby-2.3.5/gems/actionpack-4.2.3/lib/action_dispatch/middleware/templates/rescues/_trace.html.erb (3.8ms)
  Rendered /Users/flatironschool/.rvm/gems/ruby-2.3.5/gems/actionpack-4.2.3/lib/action_dispatch/middleware/templates/rescues/_request_and_response.html.erb (1.5ms)
  Rendered /Users/flatironschool/.rvm/gems/ruby-2.3.5/gems/actionpack-4.2.3/lib/action_dispatch/middleware/templates/rescues/template_error.html.erb within rescues/layout (78.7ms)
  Rendered /Users/flatironschool/.rvm/gems/ruby-2.3.5/gems/web-console-2.2.1/lib/web_console/templates/_markup.html.erb (0.9ms)
  Rendered /Users/flatironschool/.rvm/gems/ruby-2.3.5/gems/web-console-2.2.1/lib/web_console/templates/_inner_console_markup.html.erb within layouts/inlined_string (0.6ms)
  Rendered /Users/flatironschool/.rvm/gems/ruby-2.3.5/gems/web-console-2.2.1/lib/web_console/templates/_prompt_box_markup.html.erb within layouts/inlined_string (0.5ms)
  Rendered /Users/flatironschool/.rvm/gems/ruby-2.3.5/gems/web-console-2.2.1/lib/web_console/templates/style.css.erb within layouts/inlined_string (0.4ms)
  Rendered /Users/flatironschool/.rvm/gems/ruby-2.3.5/gems/web-console-2.2.1/lib/web_console/templates/console.js.erb within layouts/javascript (67.0ms)
  Rendered /Users/flatironschool/.rvm/gems/ruby-2.3.5/gems/web-console-2.2.1/lib/web_console/templates/main.js.erb within layouts/javascript (0.5ms)
  Rendered /Users/flatironschool/.rvm/gems/ruby-2.3.5/gems/web-console-2.2.1/lib/web_console/templates/error_page.js.erb within layouts/javascript (1.1ms)
  Rendered /Users/flatironschool/.rvm/gems/ruby-2.3.5/gems/web-console-2.2.1/lib/web_console/templates/index.html.erb (152.4ms)


Started GET "/students" for ::1 at 2017-10-14 14:07:27 -0400
Processing by StudentsController#index as HTML
  [1m[36mStudent Load (0.2ms)[0m  [1mSELECT "students".* FROM "students"[0m
  Rendered students/index.html.erb within layouts/application (4.1ms)
Completed 500 Internal Server Error in 9ms (ActiveRecord: 0.2ms)

ActionView::Template::Error (undefined method `+' for nil:NilClass):
    1: <h1>Students#index</h1>
    2: <% @students.each do |student| %>
    3:   <%=student.to_s%><br>
    4: <%end%>
    5: <p>Find me in app/views/students/index.html.erb</p>
  app/models/student.rb:3:in `to_s'
  app/views/students/index.html.erb:3:in `block in _app_views_students_index_html_erb___1103066139131981993_70319513847360'
  app/views/students/index.html.erb:2:in `_app_views_students_index_html_erb___1103066139131981993_70319513847360'


  Rendered /Users/flatironschool/.rvm/gems/ruby-2.3.5/gems/actionpack-4.2.3/lib/action_dispatch/middleware/templates/rescues/_source.erb (7.9ms)
  Rendered /Users/flatironschool/.rvm/gems/ruby-2.3.5/gems/actionpack-4.2.3/lib/action_dispatch/middleware/templates/rescues/_trace.html.erb (4.0ms)
  Rendered /Users/flatironschool/.rvm/gems/ruby-2.3.5/gems/actionpack-4.2.3/lib/action_dispatch/middleware/templates/rescues/_request_and_response.html.erb (1.8ms)
  Rendered /Users/flatironschool/.rvm/gems/ruby-2.3.5/gems/actionpack-4.2.3/lib/action_dispatch/middleware/templates/rescues/template_error.html.erb within rescues/layout (75.5ms)
  Rendered /Users/flatironschool/.rvm/gems/ruby-2.3.5/gems/web-console-2.2.1/lib/web_console/templates/_markup.html.erb (0.6ms)
  Rendered /Users/flatironschool/.rvm/gems/ruby-2.3.5/gems/web-console-2.2.1/lib/web_console/templates/_inner_console_markup.html.erb within layouts/inlined_string (0.5ms)
  Rendered /Users/flatironschool/.rvm/gems/ruby-2.3.5/gems/web-console-2.2.1/lib/web_console/templates/_prompt_box_markup.html.erb within layouts/inlined_string (0.6ms)
  Rendered /Users/flatironschool/.rvm/gems/ruby-2.3.5/gems/web-console-2.2.1/lib/web_console/templates/style.css.erb within layouts/inlined_string (0.5ms)
  Rendered /Users/flatironschool/.rvm/gems/ruby-2.3.5/gems/web-console-2.2.1/lib/web_console/templates/console.js.erb within layouts/javascript (69.5ms)
  Rendered /Users/flatironschool/.rvm/gems/ruby-2.3.5/gems/web-console-2.2.1/lib/web_console/templates/main.js.erb within layouts/javascript (0.6ms)
  Rendered /Users/flatironschool/.rvm/gems/ruby-2.3.5/gems/web-console-2.2.1/lib/web_console/templates/error_page.js.erb within layouts/javascript (0.5ms)
  Rendered /Users/flatironschool/.rvm/gems/ruby-2.3.5/gems/web-console-2.2.1/lib/web_console/templates/index.html.erb (151.1ms)


Started GET "/students" for ::1 at 2017-10-14 14:07:50 -0400
Processing by StudentsController#index as HTML
  [1m[35mStudent Load (0.2ms)[0m  SELECT "students".* FROM "students"
  Rendered students/index.html.erb within layouts/application (5.5ms)
Completed 500 Internal Server Error in 12ms (ActiveRecord: 0.2ms)

ActionView::Template::Error (undefined method `+' for nil:NilClass):
    1: <h1>Students#index</h1>
    2: <% @students.each do |student| %>
    3:   <h1><%=student.to_s%><h1><br>
    4: <%end%>
    5: <p>Find me in app/views/students/index.html.erb</p>
  app/models/student.rb:3:in `to_s'
  app/views/students/index.html.erb:3:in `block in _app_views_students_index_html_erb___1103066139131981993_70319507020980'
  app/views/students/index.html.erb:2:in `_app_views_students_index_html_erb___1103066139131981993_70319507020980'


  Rendered /Users/flatironschool/.rvm/gems/ruby-2.3.5/gems/actionpack-4.2.3/lib/action_dispatch/middleware/templates/rescues/_source.erb (8.2ms)
  Rendered /Users/flatironschool/.rvm/gems/ruby-2.3.5/gems/actionpack-4.2.3/lib/action_dispatch/middleware/templates/rescues/_trace.html.erb (3.7ms)
  Rendered /Users/flatironschool/.rvm/gems/ruby-2.3.5/gems/actionpack-4.2.3/lib/action_dispatch/middleware/templates/rescues/_request_and_response.html.erb (1.0ms)
  Rendered /Users/flatironschool/.rvm/gems/ruby-2.3.5/gems/actionpack-4.2.3/lib/action_dispatch/middleware/templates/rescues/template_error.html.erb within rescues/layout (84.0ms)
  Rendered /Users/flatironschool/.rvm/gems/ruby-2.3.5/gems/web-console-2.2.1/lib/web_console/templates/_markup.html.erb (0.9ms)
  Rendered /Users/flatironschool/.rvm/gems/ruby-2.3.5/gems/web-console-2.2.1/lib/web_console/templates/_inner_console_markup.html.erb within layouts/inlined_string (0.4ms)
  Rendered /Users/flatironschool/.rvm/gems/ruby-2.3.5/gems/web-console-2.2.1/lib/web_console/templates/_prompt_box_markup.html.erb within layouts/inlined_string (0.6ms)
  Rendered /Users/flatironschool/.rvm/gems/ruby-2.3.5/gems/web-console-2.2.1/lib/web_console/templates/style.css.erb within layouts/inlined_string (0.5ms)
  Rendered /Users/flatironschool/.rvm/gems/ruby-2.3.5/gems/web-console-2.2.1/lib/web_console/templates/console.js.erb within layouts/javascript (68.0ms)
  Rendered /Users/flatironschool/.rvm/gems/ruby-2.3.5/gems/web-console-2.2.1/lib/web_console/templates/main.js.erb within layouts/javascript (0.4ms)
  Rendered /Users/flatironschool/.rvm/gems/ruby-2.3.5/gems/web-console-2.2.1/lib/web_console/templates/error_page.js.erb within layouts/javascript (0.7ms)
  Rendered /Users/flatironschool/.rvm/gems/ruby-2.3.5/gems/web-console-2.2.1/lib/web_console/templates/index.html.erb (147.7ms)


Started GET "/students" for ::1 at 2017-10-14 14:09:02 -0400
Processing by StudentsController#index as HTML
Completed 500 Internal Server Error in 4ms (ActiveRecord: 0.0ms)

NoMethodError (undefined method `pry' for #<Binding:0x00007fe91687e8d8>
Did you mean?  try):
  app/controllers/students_controller.rb:4:in `index'


  Rendered /Users/flatironschool/.rvm/gems/ruby-2.3.5/gems/actionpack-4.2.3/lib/action_dispatch/middleware/templates/rescues/_source.erb (6.7ms)
  Rendered /Users/flatironschool/.rvm/gems/ruby-2.3.5/gems/actionpack-4.2.3/lib/action_dispatch/middleware/templates/rescues/_trace.html.erb (3.4ms)
  Rendered /Users/flatironschool/.rvm/gems/ruby-2.3.5/gems/actionpack-4.2.3/lib/action_dispatch/middleware/templates/rescues/_request_and_response.html.erb (1.9ms)
  Rendered /Users/flatironschool/.rvm/gems/ruby-2.3.5/gems/actionpack-4.2.3/lib/action_dispatch/middleware/templates/rescues/diagnostics.html.erb within rescues/layout (84.4ms)
  Rendered /Users/flatironschool/.rvm/gems/ruby-2.3.5/gems/web-console-2.2.1/lib/web_console/templates/_markup.html.erb (0.4ms)
  Rendered /Users/flatironschool/.rvm/gems/ruby-2.3.5/gems/web-console-2.2.1/lib/web_console/templates/_inner_console_markup.html.erb within layouts/inlined_string (0.4ms)
  Rendered /Users/flatironschool/.rvm/gems/ruby-2.3.5/gems/web-console-2.2.1/lib/web_console/templates/_prompt_box_markup.html.erb within layouts/inlined_string (0.4ms)
  Rendered /Users/flatironschool/.rvm/gems/ruby-2.3.5/gems/web-console-2.2.1/lib/web_console/templates/style.css.erb within layouts/inlined_string (0.6ms)
  Rendered /Users/flatironschool/.rvm/gems/ruby-2.3.5/gems/web-console-2.2.1/lib/web_console/templates/console.js.erb within layouts/javascript (63.6ms)
  Rendered /Users/flatironschool/.rvm/gems/ruby-2.3.5/gems/web-console-2.2.1/lib/web_console/templates/main.js.erb within layouts/javascript (0.6ms)
  Rendered /Users/flatironschool/.rvm/gems/ruby-2.3.5/gems/web-console-2.2.1/lib/web_console/templates/error_page.js.erb within layouts/javascript (0.6ms)
  Rendered /Users/flatironschool/.rvm/gems/ruby-2.3.5/gems/web-console-2.2.1/lib/web_console/templates/index.html.erb (149.1ms)


Started GET "/students" for ::1 at 2017-10-14 14:09:29 -0400
Processing by StudentsController#index as HTML
  [1m[36mStudent Load (0.8ms)[0m  [1mSELECT "students".* FROM "students"[0m
  Rendered students/index.html.erb within layouts/application (14.3ms)
Completed 500 Internal Server Error in 31ms (ActiveRecord: 1.4ms)

ActionView::Template::Error (undefined method `+' for nil:NilClass):
    1: <h1>Students#index</h1>
    2: <% @students.each do |student| %>
    3:   <h1><%=student.to_s%></h1><br>
    4: <%end%>
    5: <p>Find me in app/views/students/index.html.erb</p>
  app/models/student.rb:3:in `to_s'
  app/views/students/index.html.erb:3:in `block in _app_views_students_index_html_erb___1103066139131981993_70319538832420'
  app/views/students/index.html.erb:2:in `_app_views_students_index_html_erb___1103066139131981993_70319538832420'


  Rendered /Users/flatironschool/.rvm/gems/ruby-2.3.5/gems/actionpack-4.2.3/lib/action_dispatch/middleware/templates/rescues/_source.erb (5.8ms)
  Rendered /Users/flatironschool/.rvm/gems/ruby-2.3.5/gems/actionpack-4.2.3/lib/action_dispatch/middleware/templates/rescues/_trace.html.erb (3.4ms)
  Rendered /Users/flatironschool/.rvm/gems/ruby-2.3.5/gems/actionpack-4.2.3/lib/action_dispatch/middleware/templates/rescues/_request_and_response.html.erb (0.9ms)
  Rendered /Users/flatironschool/.rvm/gems/ruby-2.3.5/gems/actionpack-4.2.3/lib/action_dispatch/middleware/templates/rescues/template_error.html.erb within rescues/layout (70.5ms)
  Rendered /Users/flatironschool/.rvm/gems/ruby-2.3.5/gems/web-console-2.2.1/lib/web_console/templates/_markup.html.erb (0.4ms)
  Rendered /Users/flatironschool/.rvm/gems/ruby-2.3.5/gems/web-console-2.2.1/lib/web_console/templates/_inner_console_markup.html.erb within layouts/inlined_string (0.5ms)
  Rendered /Users/flatironschool/.rvm/gems/ruby-2.3.5/gems/web-console-2.2.1/lib/web_console/templates/_prompt_box_markup.html.erb within layouts/inlined_string (0.4ms)
  Rendered /Users/flatironschool/.rvm/gems/ruby-2.3.5/gems/web-console-2.2.1/lib/web_console/templates/style.css.erb within layouts/inlined_string (0.9ms)
  Rendered /Users/flatironschool/.rvm/gems/ruby-2.3.5/gems/web-console-2.2.1/lib/web_console/templates/console.js.erb within layouts/javascript (55.8ms)
  Rendered /Users/flatironschool/.rvm/gems/ruby-2.3.5/gems/web-console-2.2.1/lib/web_console/templates/main.js.erb within layouts/javascript (0.4ms)
  Rendered /Users/flatironschool/.rvm/gems/ruby-2.3.5/gems/web-console-2.2.1/lib/web_console/templates/error_page.js.erb within layouts/javascript (0.8ms)
  Rendered /Users/flatironschool/.rvm/gems/ruby-2.3.5/gems/web-console-2.2.1/lib/web_console/templates/index.html.erb (125.3ms)
  [1m[36mActiveRecord::SchemaMigration Load (0.5ms)[0m  [1mSELECT "schema_migrations".* FROM "schema_migrations"[0m
  [1m[35m (0.1ms)[0m  begin transaction
  [1m[36mSQL (2.0ms)[0m  [1mINSERT INTO "students" ("first_name", "last_name", "created_at", "updated_at") VALUES (?, ?, ?, ?)[0m  [["first_name", "Josh"], ["last_name", "Denenberg"], ["created_at", "2017-10-14 18:11:27.640340"], ["updated_at", "2017-10-14 18:11:27.640340"]]
  [1m[35m (1.0ms)[0m  commit transaction


Started GET "/students" for ::1 at 2017-10-14 14:11:45 -0400
  [1m[36mActiveRecord::SchemaMigration Load (0.1ms)[0m  [1mSELECT "schema_migrations".* FROM "schema_migrations"[0m
Processing by StudentsController#index as HTML
  [1m[35mStudent Load (0.3ms)[0m  SELECT "students".* FROM "students"
  Rendered students/index.html.erb within layouts/application (15.7ms)
Completed 500 Internal Server Error in 46ms (ActiveRecord: 0.7ms)

ActionView::Template::Error (undefined method `+' for nil:NilClass):
    1: <h1>Students#index</h1>
    2: <% @students.each do |student| %>
    3:   <h1><%=student.to_s%></h1><br>
    4: <%end%>
    5: <p>Find me in app/views/students/index.html.erb</p>
  app/models/student.rb:3:in `to_s'
  app/views/students/index.html.erb:3:in `block in _app_views_students_index_html_erb___1007787383562232151_70225925263660'
  app/views/students/index.html.erb:2:in `_app_views_students_index_html_erb___1007787383562232151_70225925263660'


  Rendered /Users/flatironschool/.rvm/gems/ruby-2.3.5/gems/actionpack-4.2.3/lib/action_dispatch/middleware/templates/rescues/_source.erb (9.4ms)
  Rendered /Users/flatironschool/.rvm/gems/ruby-2.3.5/gems/actionpack-4.2.3/lib/action_dispatch/middleware/templates/rescues/_trace.html.erb (5.0ms)
  Rendered /Users/flatironschool/.rvm/gems/ruby-2.3.5/gems/actionpack-4.2.3/lib/action_dispatch/middleware/templates/rescues/_request_and_response.html.erb (1.2ms)
  Rendered /Users/flatironschool/.rvm/gems/ruby-2.3.5/gems/actionpack-4.2.3/lib/action_dispatch/middleware/templates/rescues/template_error.html.erb within rescues/layout (88.8ms)
  Rendered /Users/flatironschool/.rvm/gems/ruby-2.3.5/gems/web-console-2.2.1/lib/web_console/templates/_markup.html.erb (0.5ms)
  Rendered /Users/flatironschool/.rvm/gems/ruby-2.3.5/gems/web-console-2.2.1/lib/web_console/templates/_inner_console_markup.html.erb within layouts/inlined_string (0.5ms)
  Rendered /Users/flatironschool/.rvm/gems/ruby-2.3.5/gems/web-console-2.2.1/lib/web_console/templates/_prompt_box_markup.html.erb within layouts/inlined_string (0.5ms)
  Rendered /Users/flatironschool/.rvm/gems/ruby-2.3.5/gems/web-console-2.2.1/lib/web_console/templates/style.css.erb within layouts/inlined_string (0.7ms)
  Rendered /Users/flatironschool/.rvm/gems/ruby-2.3.5/gems/web-console-2.2.1/lib/web_console/templates/console.js.erb within layouts/javascript (70.8ms)
  Rendered /Users/flatironschool/.rvm/gems/ruby-2.3.5/gems/web-console-2.2.1/lib/web_console/templates/main.js.erb within layouts/javascript (0.4ms)
  Rendered /Users/flatironschool/.rvm/gems/ruby-2.3.5/gems/web-console-2.2.1/lib/web_console/templates/error_page.js.erb within layouts/javascript (0.7ms)
  Rendered /Users/flatironschool/.rvm/gems/ruby-2.3.5/gems/web-console-2.2.1/lib/web_console/templates/index.html.erb (162.5ms)
  [1m[36mActiveRecord::SchemaMigration Load (0.2ms)[0m  [1mSELECT "schema_migrations".* FROM "schema_migrations"[0m
  [1m[35m (0.1ms)[0m  begin transaction
  [1m[36mSQL (1.3ms)[0m  [1mINSERT INTO "students" ("first_name", "last_name", "created_at", "updated_at") VALUES (?, ?, ?, ?)[0m  [["first_name", "Josh"], ["last_name", "Denenberg"], ["created_at", "2017-10-14 18:13:02.276825"], ["updated_at", "2017-10-14 18:13:02.276825"]]
  [1m[35m (1.1ms)[0m  commit transaction


Started GET "/students" for ::1 at 2017-10-14 14:18:19 -0400
  [1m[36mActiveRecord::SchemaMigration Load (0.2ms)[0m  [1mSELECT "schema_migrations".* FROM "schema_migrations"[0m
Processing by StudentsController#index as HTML
  [1m[35mStudent Load (0.3ms)[0m  SELECT "students".* FROM "students"
  Rendered students/index.html.erb within layouts/application (29.6ms)
Completed 500 Internal Server Error in 75ms (ActiveRecord: 2.3ms)

ActionView::Template::Error (undefined method `+' for nil:NilClass):
    1: <h1>Students#index</h1>
    2: <% @students.each do |student| %>
    3:   <h1><%=student.to_s%></h1><br>
    4: <%end%>
    5: <p>Find me in app/views/students/index.html.erb</p>
  app/models/student.rb:3:in `to_s'
  app/views/students/index.html.erb:3:in `block in _app_views_students_index_html_erb__1536916353497257768_70230247685800'
  app/views/students/index.html.erb:2:in `_app_views_students_index_html_erb__1536916353497257768_70230247685800'


  Rendered /Users/flatironschool/.rvm/gems/ruby-2.3.5/gems/actionpack-4.2.3/lib/action_dispatch/middleware/templates/rescues/_source.erb (6.6ms)
  Rendered /Users/flatironschool/.rvm/gems/ruby-2.3.5/gems/actionpack-4.2.3/lib/action_dispatch/middleware/templates/rescues/_trace.html.erb (4.4ms)
  Rendered /Users/flatironschool/.rvm/gems/ruby-2.3.5/gems/actionpack-4.2.3/lib/action_dispatch/middleware/templates/rescues/_request_and_response.html.erb (1.3ms)
  Rendered /Users/flatironschool/.rvm/gems/ruby-2.3.5/gems/actionpack-4.2.3/lib/action_dispatch/middleware/templates/rescues/template_error.html.erb within rescues/layout (84.9ms)
  Rendered /Users/flatironschool/.rvm/gems/ruby-2.3.5/gems/web-console-2.2.1/lib/web_console/templates/_markup.html.erb (0.7ms)
  Rendered /Users/flatironschool/.rvm/gems/ruby-2.3.5/gems/web-console-2.2.1/lib/web_console/templates/_inner_console_markup.html.erb within layouts/inlined_string (0.5ms)
  Rendered /Users/flatironschool/.rvm/gems/ruby-2.3.5/gems/web-console-2.2.1/lib/web_console/templates/_prompt_box_markup.html.erb within layouts/inlined_string (0.4ms)
  Rendered /Users/flatironschool/.rvm/gems/ruby-2.3.5/gems/web-console-2.2.1/lib/web_console/templates/style.css.erb within layouts/inlined_string (0.4ms)
  Rendered /Users/flatironschool/.rvm/gems/ruby-2.3.5/gems/web-console-2.2.1/lib/web_console/templates/console.js.erb within layouts/javascript (89.5ms)
  Rendered /Users/flatironschool/.rvm/gems/ruby-2.3.5/gems/web-console-2.2.1/lib/web_console/templates/main.js.erb within layouts/javascript (0.4ms)
  Rendered /Users/flatironschool/.rvm/gems/ruby-2.3.5/gems/web-console-2.2.1/lib/web_console/templates/error_page.js.erb within layouts/javascript (0.5ms)
  Rendered /Users/flatironschool/.rvm/gems/ruby-2.3.5/gems/web-console-2.2.1/lib/web_console/templates/index.html.erb (177.0ms)


Started GET "/students" for ::1 at 2017-10-14 14:20:38 -0400
Processing by StudentsController#index as HTML
  [1m[36mStudent Load (1.1ms)[0m  [1mSELECT "students".* FROM "students"[0m
  Rendered students/index.html.erb within layouts/application (17.6ms)
Completed 500 Internal Server Error in 37ms (ActiveRecord: 1.1ms)

ActionView::Template::Error (undefined method `+' for nil:NilClass):
    1: <h1>Students#index</h1>
    2: <% @students.each do |student| %>
    3:   <h1><%=student.to_s%></h1><br>
    4: <%end%>
    5: <p>Find me in app/views/students/index.html.erb</p>
  app/models/student.rb:3:in `to_s'
  app/views/students/index.html.erb:3:in `block in _app_views_students_index_html_erb__1536916353497257768_70230247685800'
  app/views/students/index.html.erb:2:in `_app_views_students_index_html_erb__1536916353497257768_70230247685800'


  Rendered /Users/flatironschool/.rvm/gems/ruby-2.3.5/gems/actionpack-4.2.3/lib/action_dispatch/middleware/templates/rescues/_source.erb (9.6ms)
  Rendered /Users/flatironschool/.rvm/gems/ruby-2.3.5/gems/actionpack-4.2.3/lib/action_dispatch/middleware/templates/rescues/_trace.html.erb (5.2ms)
  Rendered /Users/flatironschool/.rvm/gems/ruby-2.3.5/gems/actionpack-4.2.3/lib/action_dispatch/middleware/templates/rescues/_request_and_response.html.erb (1.7ms)
  Rendered /Users/flatironschool/.rvm/gems/ruby-2.3.5/gems/actionpack-4.2.3/lib/action_dispatch/middleware/templates/rescues/template_error.html.erb within rescues/layout (96.7ms)
  Rendered /Users/flatironschool/.rvm/gems/ruby-2.3.5/gems/web-console-2.2.1/lib/web_console/templates/_markup.html.erb (0.6ms)
  Rendered /Users/flatironschool/.rvm/gems/ruby-2.3.5/gems/web-console-2.2.1/lib/web_console/templates/_inner_console_markup.html.erb within layouts/inlined_string (0.6ms)
  Rendered /Users/flatironschool/.rvm/gems/ruby-2.3.5/gems/web-console-2.2.1/lib/web_console/templates/_prompt_box_markup.html.erb within layouts/inlined_string (0.4ms)
  Rendered /Users/flatironschool/.rvm/gems/ruby-2.3.5/gems/web-console-2.2.1/lib/web_console/templates/style.css.erb within layouts/inlined_string (0.7ms)
  Rendered /Users/flatironschool/.rvm/gems/ruby-2.3.5/gems/web-console-2.2.1/lib/web_console/templates/console.js.erb within layouts/javascript (60.1ms)
  Rendered /Users/flatironschool/.rvm/gems/ruby-2.3.5/gems/web-console-2.2.1/lib/web_console/templates/main.js.erb within layouts/javascript (0.6ms)
  Rendered /Users/flatironschool/.rvm/gems/ruby-2.3.5/gems/web-console-2.2.1/lib/web_console/templates/error_page.js.erb within layouts/javascript (0.6ms)
  Rendered /Users/flatironschool/.rvm/gems/ruby-2.3.5/gems/web-console-2.2.1/lib/web_console/templates/index.html.erb (146.3ms)


Started GET "/" for ::1 at 2017-10-14 14:46:18 -0400
  [1m[36mActiveRecord::SchemaMigration Load (0.2ms)[0m  [1mSELECT "schema_migrations".* FROM "schema_migrations"[0m
Processing by Rails::WelcomeController#index as HTML
  Rendered /Users/flatironschool/.rvm/gems/ruby-2.3.5/gems/railties-4.2.3/lib/rails/templates/rails/welcome/index.html.erb (2.5ms)
Completed 200 OK in 31ms (Views: 14.7ms | ActiveRecord: 0.0ms)


Started GET "/students/index" for ::1 at 2017-10-14 14:46:25 -0400
Processing by StudentsController#index as HTML
  [1m[35mStudent Load (0.2ms)[0m  SELECT "students".* FROM "students"
  Rendered students/index.html.erb within layouts/application (25.2ms)
Completed 500 Internal Server Error in 55ms (ActiveRecord: 0.9ms)

ActionView::Template::Error (undefined method `+' for nil:NilClass):
    1: <h1>Students#index</h1>
    2: <%@students.each do |student| %>
    3:   <%=student.to_s%><br>
    4: <%end%>
    5: 
    6: <p>Find me in app/views/students/[index].html.erb</p>
  app/models/student.rb:3:in `to_s'
  app/views/students/index.html.erb:3:in `block in _app_views_students_index_html_erb__749061103917859935_70167943141420'
  app/views/students/index.html.erb:2:in `_app_views_students_index_html_erb__749061103917859935_70167943141420'


  Rendered /Users/flatironschool/.rvm/gems/ruby-2.3.5/gems/actionpack-4.2.3/lib/action_dispatch/middleware/templates/rescues/_source.erb (8.1ms)
  Rendered /Users/flatironschool/.rvm/gems/ruby-2.3.5/gems/actionpack-4.2.3/lib/action_dispatch/middleware/templates/rescues/_trace.html.erb (10.1ms)
  Rendered /Users/flatironschool/.rvm/gems/ruby-2.3.5/gems/actionpack-4.2.3/lib/action_dispatch/middleware/templates/rescues/_request_and_response.html.erb (1.5ms)
  Rendered /Users/flatironschool/.rvm/gems/ruby-2.3.5/gems/actionpack-4.2.3/lib/action_dispatch/middleware/templates/rescues/template_error.html.erb within rescues/layout (80.6ms)
  Rendered /Users/flatironschool/.rvm/gems/ruby-2.3.5/gems/web-console-2.2.1/lib/web_console/templates/_markup.html.erb (0.5ms)
  Rendered /Users/flatironschool/.rvm/gems/ruby-2.3.5/gems/web-console-2.2.1/lib/web_console/templates/_inner_console_markup.html.erb within layouts/inlined_string (0.4ms)
  Rendered /Users/flatironschool/.rvm/gems/ruby-2.3.5/gems/web-console-2.2.1/lib/web_console/templates/_prompt_box_markup.html.erb within layouts/inlined_string (0.4ms)
  Rendered /Users/flatironschool/.rvm/gems/ruby-2.3.5/gems/web-console-2.2.1/lib/web_console/templates/style.css.erb within layouts/inlined_string (0.5ms)
  Rendered /Users/flatironschool/.rvm/gems/ruby-2.3.5/gems/web-console-2.2.1/lib/web_console/templates/console.js.erb within layouts/javascript (60.2ms)
  Rendered /Users/flatironschool/.rvm/gems/ruby-2.3.5/gems/web-console-2.2.1/lib/web_console/templates/main.js.erb within layouts/javascript (0.4ms)
  Rendered /Users/flatironschool/.rvm/gems/ruby-2.3.5/gems/web-console-2.2.1/lib/web_console/templates/error_page.js.erb within layouts/javascript (0.8ms)
  Rendered /Users/flatironschool/.rvm/gems/ruby-2.3.5/gems/web-console-2.2.1/lib/web_console/templates/index.html.erb (139.6ms)


Started GET "/students/index" for ::1 at 2017-10-14 14:46:44 -0400
Processing by StudentsController#index as HTML
  [1m[36mStudent Load (0.2ms)[0m  [1mSELECT "students".* FROM "students"[0m
  Rendered students/index.html.erb within layouts/application (1.4ms)
Completed 200 OK in 263ms (Views: 261.5ms | ActiveRecord: 0.2ms)


Started GET "/students/index" for ::1 at 2017-10-14 14:47:07 -0400
Processing by StudentsController#index as HTML
  [1m[35mStudent Load (0.3ms)[0m  SELECT "students".* FROM "students"
  Rendered students/index.html.erb within layouts/application (11.4ms)
Completed 500 Internal Server Error in 19ms (ActiveRecord: 0.3ms)

ActionView::Template::Error (undefined method `name' for #<Student:0x00007fa2816b0708>):
    1: <h1>Students#index</h1>
    2: <%@students.each do |student| %>
    3:   <%=student.name%>
    4: <%end%>
    5: 
    6: <p>Find me in app/views/students/[index].html.erb</p>
  app/views/students/index.html.erb:3:in `block in _app_views_students_index_html_erb__749061103917859935_70167966483440'
  app/views/students/index.html.erb:2:in `_app_views_students_index_html_erb__749061103917859935_70167966483440'


  Rendered /Users/flatironschool/.rvm/gems/ruby-2.3.5/gems/actionpack-4.2.3/lib/action_dispatch/middleware/templates/rescues/_source.erb (15.3ms)
  Rendered /Users/flatironschool/.rvm/gems/ruby-2.3.5/gems/actionpack-4.2.3/lib/action_dispatch/middleware/templates/rescues/_trace.html.erb (5.6ms)
  Rendered /Users/flatironschool/.rvm/gems/ruby-2.3.5/gems/actionpack-4.2.3/lib/action_dispatch/middleware/templates/rescues/_request_and_response.html.erb (1.8ms)
  Rendered /Users/flatironschool/.rvm/gems/ruby-2.3.5/gems/actionpack-4.2.3/lib/action_dispatch/middleware/templates/rescues/template_error.html.erb within rescues/layout (88.5ms)
  Rendered /Users/flatironschool/.rvm/gems/ruby-2.3.5/gems/web-console-2.2.1/lib/web_console/templates/_markup.html.erb (0.6ms)
  Rendered /Users/flatironschool/.rvm/gems/ruby-2.3.5/gems/web-console-2.2.1/lib/web_console/templates/_inner_console_markup.html.erb within layouts/inlined_string (0.7ms)
  Rendered /Users/flatironschool/.rvm/gems/ruby-2.3.5/gems/web-console-2.2.1/lib/web_console/templates/_prompt_box_markup.html.erb within layouts/inlined_string (1.5ms)
  Rendered /Users/flatironschool/.rvm/gems/ruby-2.3.5/gems/web-console-2.2.1/lib/web_console/templates/style.css.erb within layouts/inlined_string (1.8ms)
  Rendered /Users/flatironschool/.rvm/gems/ruby-2.3.5/gems/web-console-2.2.1/lib/web_console/templates/console.js.erb within layouts/javascript (100.3ms)
  Rendered /Users/flatironschool/.rvm/gems/ruby-2.3.5/gems/web-console-2.2.1/lib/web_console/templates/main.js.erb within layouts/javascript (0.8ms)
  Rendered /Users/flatironschool/.rvm/gems/ruby-2.3.5/gems/web-console-2.2.1/lib/web_console/templates/error_page.js.erb within layouts/javascript (0.6ms)
  Rendered /Users/flatironschool/.rvm/gems/ruby-2.3.5/gems/web-console-2.2.1/lib/web_console/templates/index.html.erb (191.7ms)


Started GET "/students/index" for ::1 at 2017-10-14 14:47:24 -0400
Processing by StudentsController#index as HTML
  [1m[36mStudent Load (0.2ms)[0m  [1mSELECT "students".* FROM "students"[0m
  Rendered students/index.html.erb within layouts/application (2.3ms)
Completed 200 OK in 63ms (Views: 61.7ms | ActiveRecord: 0.2ms)


Started GET "/students/index" for ::1 at 2017-10-14 14:48:10 -0400
Processing by StudentsController#index as HTML
  [1m[35mStudent Load (0.3ms)[0m  SELECT "students".* FROM "students"
  Rendered students/index.html.erb within layouts/application (15.5ms)
Completed 500 Internal Server Error in 23ms (ActiveRecord: 0.7ms)

ActionView::Template::Error (undefined method `+' for nil:NilClass):
    1: <h1>Students#index</h1>
    2: <%@students.each do |student| %>
    3:   <%=student.full_name%><br>
    4: <%end%>
    5: 
    6: <p>Find me in app/views/students/[index].html.erb</p>
  app/models/student.rb:3:in `full_name'
  app/views/students/index.html.erb:3:in `block in _app_views_students_index_html_erb__749061103917859935_70167978485380'
  app/views/students/index.html.erb:2:in `_app_views_students_index_html_erb__749061103917859935_70167978485380'


  Rendered /Users/flatironschool/.rvm/gems/ruby-2.3.5/gems/actionpack-4.2.3/lib/action_dispatch/middleware/templates/rescues/_source.erb (12.5ms)
  Rendered /Users/flatironschool/.rvm/gems/ruby-2.3.5/gems/actionpack-4.2.3/lib/action_dispatch/middleware/templates/rescues/_trace.html.erb (4.9ms)
  Rendered /Users/flatironschool/.rvm/gems/ruby-2.3.5/gems/actionpack-4.2.3/lib/action_dispatch/middleware/templates/rescues/_request_and_response.html.erb (1.8ms)
  Rendered /Users/flatironschool/.rvm/gems/ruby-2.3.5/gems/actionpack-4.2.3/lib/action_dispatch/middleware/templates/rescues/template_error.html.erb within rescues/layout (93.8ms)
  Rendered /Users/flatironschool/.rvm/gems/ruby-2.3.5/gems/web-console-2.2.1/lib/web_console/templates/_markup.html.erb (0.8ms)
  Rendered /Users/flatironschool/.rvm/gems/ruby-2.3.5/gems/web-console-2.2.1/lib/web_console/templates/_inner_console_markup.html.erb within layouts/inlined_string (1.1ms)
  Rendered /Users/flatironschool/.rvm/gems/ruby-2.3.5/gems/web-console-2.2.1/lib/web_console/templates/_prompt_box_markup.html.erb within layouts/inlined_string (0.9ms)
  Rendered /Users/flatironschool/.rvm/gems/ruby-2.3.5/gems/web-console-2.2.1/lib/web_console/templates/style.css.erb within layouts/inlined_string (0.9ms)
  Rendered /Users/flatironschool/.rvm/gems/ruby-2.3.5/gems/web-console-2.2.1/lib/web_console/templates/console.js.erb within layouts/javascript (68.1ms)
  Rendered /Users/flatironschool/.rvm/gems/ruby-2.3.5/gems/web-console-2.2.1/lib/web_console/templates/main.js.erb within layouts/javascript (0.7ms)
  Rendered /Users/flatironschool/.rvm/gems/ruby-2.3.5/gems/web-console-2.2.1/lib/web_console/templates/error_page.js.erb within layouts/javascript (0.7ms)
  Rendered /Users/flatironschool/.rvm/gems/ruby-2.3.5/gems/web-console-2.2.1/lib/web_console/templates/index.html.erb (154.0ms)


Started GET "/students/index" for ::1 at 2017-10-14 14:49:52 -0400
Processing by StudentsController#index as HTML
  [1m[36mStudent Load (0.5ms)[0m  [1mSELECT "students".* FROM "students"[0m
  Rendered students/index.html.erb within layouts/application (8.2ms)
Completed 200 OK in 77ms (Views: 73.1ms | ActiveRecord: 1.2ms)


Started GET "/students" for ::1 at 2017-10-14 15:07:37 -0400

ArgumentError (Missing :controller key on routes definition, please check your routes.):
  config/routes.rb:2:in `block in <top (required)>'
  config/routes.rb:1:in `<top (required)>'


  Rendered /Users/flatironschool/.rvm/gems/ruby-2.3.5/gems/actionpack-4.2.3/lib/action_dispatch/middleware/templates/rescues/_source.erb (11.6ms)
  Rendered /Users/flatironschool/.rvm/gems/ruby-2.3.5/gems/actionpack-4.2.3/lib/action_dispatch/middleware/templates/rescues/_trace.html.erb (5.2ms)
  Rendered /Users/flatironschool/.rvm/gems/ruby-2.3.5/gems/actionpack-4.2.3/lib/action_dispatch/middleware/templates/rescues/_request_and_response.html.erb (2.9ms)
  Rendered /Users/flatironschool/.rvm/gems/ruby-2.3.5/gems/actionpack-4.2.3/lib/action_dispatch/middleware/templates/rescues/diagnostics.html.erb within rescues/layout (90.8ms)
  Rendered /Users/flatironschool/.rvm/gems/ruby-2.3.5/gems/web-console-2.2.1/lib/web_console/templates/_markup.html.erb (0.6ms)
  Rendered /Users/flatironschool/.rvm/gems/ruby-2.3.5/gems/web-console-2.2.1/lib/web_console/templates/_inner_console_markup.html.erb within layouts/inlined_string (0.4ms)
  Rendered /Users/flatironschool/.rvm/gems/ruby-2.3.5/gems/web-console-2.2.1/lib/web_console/templates/_prompt_box_markup.html.erb within layouts/inlined_string (0.5ms)
  Rendered /Users/flatironschool/.rvm/gems/ruby-2.3.5/gems/web-console-2.2.1/lib/web_console/templates/style.css.erb within layouts/inlined_string (0.9ms)
  Rendered /Users/flatironschool/.rvm/gems/ruby-2.3.5/gems/web-console-2.2.1/lib/web_console/templates/console.js.erb within layouts/javascript (73.3ms)
  Rendered /Users/flatironschool/.rvm/gems/ruby-2.3.5/gems/web-console-2.2.1/lib/web_console/templates/main.js.erb within layouts/javascript (0.6ms)
  Rendered /Users/flatironschool/.rvm/gems/ruby-2.3.5/gems/web-console-2.2.1/lib/web_console/templates/error_page.js.erb within layouts/javascript (0.9ms)
  Rendered /Users/flatironschool/.rvm/gems/ruby-2.3.5/gems/web-console-2.2.1/lib/web_console/templates/index.html.erb (151.1ms)


Started GET "/students" for ::1 at 2017-10-14 15:13:05 -0400

SyntaxError (/Users/flatironschool/dev/_module2/_rails_tutorials/rails-restful-index-action-lab-web-091817/config/routes.rb:2: syntax error, unexpected tSTRING_BEG, expecting keyword_do or '{' or '('
  get 'students', to 'students#index'
                      ^):
  config/routes.rb:2: syntax error, unexpected tSTRING_BEG, expecting keyword_do or '{' or '('


  Rendered /Users/flatironschool/.rvm/gems/ruby-2.3.5/gems/actionpack-4.2.3/lib/action_dispatch/middleware/templates/rescues/_source.erb (6.0ms)
  Rendered /Users/flatironschool/.rvm/gems/ruby-2.3.5/gems/actionpack-4.2.3/lib/action_dispatch/middleware/templates/rescues/_trace.html.erb (3.8ms)
  Rendered /Users/flatironschool/.rvm/gems/ruby-2.3.5/gems/actionpack-4.2.3/lib/action_dispatch/middleware/templates/rescues/_request_and_response.html.erb (2.2ms)
  Rendered /Users/flatironschool/.rvm/gems/ruby-2.3.5/gems/actionpack-4.2.3/lib/action_dispatch/middleware/templates/rescues/diagnostics.html.erb within rescues/layout (74.1ms)
  Rendered /Users/flatironschool/.rvm/gems/ruby-2.3.5/gems/web-console-2.2.1/lib/web_console/templates/_markup.html.erb (0.7ms)
  Rendered /Users/flatironschool/.rvm/gems/ruby-2.3.5/gems/web-console-2.2.1/lib/web_console/templates/_inner_console_markup.html.erb within layouts/inlined_string (0.5ms)
  Rendered /Users/flatironschool/.rvm/gems/ruby-2.3.5/gems/web-console-2.2.1/lib/web_console/templates/_prompt_box_markup.html.erb within layouts/inlined_string (0.5ms)
  Rendered /Users/flatironschool/.rvm/gems/ruby-2.3.5/gems/web-console-2.2.1/lib/web_console/templates/style.css.erb within layouts/inlined_string (0.6ms)
  Rendered /Users/flatironschool/.rvm/gems/ruby-2.3.5/gems/web-console-2.2.1/lib/web_console/templates/console.js.erb within layouts/javascript (60.3ms)
  Rendered /Users/flatironschool/.rvm/gems/ruby-2.3.5/gems/web-console-2.2.1/lib/web_console/templates/main.js.erb within layouts/javascript (0.5ms)
  Rendered /Users/flatironschool/.rvm/gems/ruby-2.3.5/gems/web-console-2.2.1/lib/web_console/templates/error_page.js.erb within layouts/javascript (1.0ms)
  Rendered /Users/flatironschool/.rvm/gems/ruby-2.3.5/gems/web-console-2.2.1/lib/web_console/templates/index.html.erb (126.6ms)


Started GET "/students" for ::1 at 2017-10-14 15:15:32 -0400
Processing by StudentsController#index as HTML
  [1m[35mStudent Load (0.9ms)[0m  SELECT "students".* FROM "students"
  Rendered students/index.html.erb within layouts/application (12.4ms)
Completed 200 OK in 98ms (Views: 84.5ms | ActiveRecord: 1.2ms)


Started GET "/students" for ::1 at 2017-10-14 15:22:31 -0400
  [1m[36mActiveRecord::SchemaMigration Load (0.2ms)[0m  [1mSELECT "schema_migrations".* FROM "schema_migrations"[0m
Processing by StudentsController#index as HTML
  [1m[35mStudent Load (0.2ms)[0m  SELECT "students".* FROM "students"
  Rendered students/index.html.erb within layouts/application (9.0ms)
Completed 200 OK in 297ms (Views: 281.6ms | ActiveRecord: 0.6ms)
